<?xml version="1.0" encoding="UTF-8"?>
<testsuite xmlns:xsi="http://www.w3.org/2001/XMLSchema-instance" xsi:noNamespaceSchemaLocation="https://maven.apache.org/surefire/maven-surefire-plugin/xsd/surefire-test-report-3.0.xsd" version="3.0" name="com.example.oauth2github.Oauth2GithubApplicationTests" time="2.184" tests="3" errors="0" skipped="0" failures="0">
  <properties>
[...]
</properties>
  <testcase name="userPageRequiresAuthentication" classname="com.example.oauth2github.Oauth2GithubApplicationTests" time="0.499">
    <system-out><![CDATA[18:12:36.874 [main] INFO org.springframework.test.context.support.AnnotationConfigContextLoaderUtils -- Could not detect default configuration classes for test class [com.example.oauth2github.Oauth2GithubApplicationTests]: Oauth2GithubApplicationTests does not declare any static, non-private, non-final, nested classes annotated with @Configuration.
18:12:36.952 [main] INFO org.springframework.boot.test.context.SpringBootTestContextBootstrapper -- Found @SpringBootConfiguration com.example.oauth2github.Oauth2GithubApplication for test class com.example.oauth2github.Oauth2GithubApplicationTests

  .   ____          _            __ _ _
 /\\ / ___'_ __ _ _(_)_ __  __ _ \ \ \ \
( ( )\___ | '_ | '_| | '_ \/ _` | \ \ \ \
 \\/  ___)| |_)| | | | | || (_| |  ) ) ) )
  '  |____| .__|_| |_|_| |_\__, | / / / /
 =========|_|==============|___/=/_/_/_/
 :: Spring Boot ::                (v3.2.5)

2026-05-03T18:12:37.270Z  INFO 5296 --- [           main] c.e.o.Oauth2GithubApplicationTests       : Starting Oauth2GithubApplicationTests using Java 17.0.18 with PID 5296 (started by runner in /home/runner/work/spring-boot-oath2-github-basic/spring-boot-oath2-github-basic)
2026-05-03T18:12:37.276Z  INFO 5296 --- [           main] c.e.o.Oauth2GithubApplicationTests       : No active profile set, falling back to 1 default profile: "default"
2026-05-03T18:12:37.958Z  INFO 5296 --- [           main] o.s.b.a.w.s.WelcomePageHandlerMapping    : Adding welcome page template: index
2026-05-03T18:12:38.093Z  INFO 5296 --- [           main] o.s.s.web.DefaultSecurityFilterChain     : Will secure any request with [org.springframework.security.web.session.DisableEncodeUrlFilter@1f43cab7, org.springframework.security.web.context.request.async.WebAsyncManagerIntegrationFilter@481558ce, org.springframework.security.web.context.SecurityContextHolderFilter@4f169009, org.springframework.security.web.header.HeaderWriterFilter@4640195a, org.springframework.web.filter.CorsFilter@2668c286, org.springframework.security.web.csrf.CsrfFilter@583fb274, org.springframework.security.web.authentication.logout.LogoutFilter@66fb45e5, org.springframework.security.oauth2.client.web.OAuth2AuthorizationRequestRedirectFilter@48eaf42f, org.springframework.security.oauth2.client.web.OAuth2LoginAuthenticationFilter@7bc58891, org.springframework.security.web.authentication.ui.DefaultLoginPageGeneratingFilter@67cffead, org.springframework.security.web.authentication.ui.DefaultLogoutPageGeneratingFilter@7f353a0f, org.springframework.security.web.savedrequest.RequestCacheAwareFilter@4207852d, org.springframework.security.web.servletapi.SecurityContextHolderAwareRequestFilter@2c829dbc, org.springframework.security.web.authentication.AnonymousAuthenticationFilter@7ea2412c, org.springframework.security.web.access.ExceptionTranslationFilter@16132f21, org.springframework.security.web.access.intercept.AuthorizationFilter@61874b9d]
2026-05-03T18:12:38.227Z  INFO 5296 --- [           main] o.s.b.t.m.w.SpringBootMockServletContext : Initializing Spring TestDispatcherServlet ''
2026-05-03T18:12:38.227Z  INFO 5296 --- [           main] o.s.t.web.servlet.TestDispatcherServlet  : Initializing Servlet ''
2026-05-03T18:12:38.228Z  INFO 5296 --- [           main] o.s.t.web.servlet.TestDispatcherServlet  : Completed initialization in 1 ms
2026-05-03T18:12:38.246Z  INFO 5296 --- [           main] c.e.o.Oauth2GithubApplicationTests       : Started Oauth2GithubApplicationTests in 1.198 seconds (process running for 1.802)
]]></system-out>
  </testcase>
  <testcase name="contextLoads" classname="com.example.oauth2github.Oauth2GithubApplicationTests" time="0.003"/>
  <testcase name="homePageIsPubliclyAccessible" classname="com.example.oauth2github.Oauth2GithubApplicationTests" time="0.196"/>
</testsuite>